<!DOCTYPE html>
<html>
<head>
<meta http-equiv="Content-Type" content="text/html; charset=utf-8"/>
<meta http-equiv="x-ua-compatible" content="IE=edge"/>
<title>Test results - UserControllerTest</title>
<link href="../css/base-style.css" rel="stylesheet" type="text/css"/>
<link href="../css/style.css" rel="stylesheet" type="text/css"/>
<script src="../js/report.js" type="text/javascript"></script>
</head>
<body>
<div id="content">
<h1>UserControllerTest</h1>
<div class="breadcrumbs">
<a href="../index.html">all</a> &gt; 
<a href="../packages/com.example.roboworld.web.html">com.example.roboworld.web</a> &gt; UserControllerTest</div>
<div id="summary">
<table>
<tr>
<td>
<div class="summaryGroup">
<table>
<tr>
<td>
<div class="infoBox" id="tests">
<div class="counter">1</div>
<p>tests</p>
</div>
</td>
<td>
<div class="infoBox" id="failures">
<div class="counter">0</div>
<p>failures</p>
</div>
</td>
<td>
<div class="infoBox" id="ignored">
<div class="counter">0</div>
<p>ignored</p>
</div>
</td>
<td>
<div class="infoBox" id="duration">
<div class="counter">1.961s</div>
<p>duration</p>
</div>
</td>
</tr>
</table>
</div>
</td>
<td>
<div class="infoBox success" id="successRate">
<div class="percent">100%</div>
<p>successful</p>
</div>
</td>
</tr>
</table>
</div>
<div id="tabs">
<ul class="tabLinks">
<li>
<a href="#tab0">Tests</a>
</li>
<li>
<a href="#tab1">Standard output</a>
</li>
<li>
<a href="#tab2">Standard error</a>
</li>
</ul>
<div id="tab0" class="tab">
<h2>Tests</h2>
<table>
<thead>
<tr>
<th>Test</th>
<th>Duration</th>
<th>Result</th>
</tr>
</thead>
<tr>
<td class="success">testRegisterUser()</td>
<td class="success">1.961s</td>
<td class="success">passed</td>
</tr>
</table>
</div>
<div id="tab1" class="tab">
<h2>Standard output</h2>
<span class="code">
<pre>21:30:59.604 [Test worker] INFO org.springframework.test.context.support.AnnotationConfigContextLoaderUtils -- Could not detect default configuration classes for test class [com.example.roboworld.web.UserControllerTest]: UserControllerTest does not declare any static, non-private, non-final, nested classes annotated with @Configuration.
21:30:59.869 [Test worker] INFO org.springframework.boot.test.context.SpringBootTestContextBootstrapper -- Found @SpringBootConfiguration com.example.roboworld.RobotWorldApplication for test class com.example.roboworld.web.UserControllerTest

  .   ____          _            __ _ _
 /\\ / ___'_ __ _ _(_)_ __  __ _ \ \ \ \
( ( )\___ | '_ | '_| | '_ \/ _` | \ \ \ \
 \\/  ___)| |_)| | | | | || (_| |  ) ) ) )
  '  |____| .__|_| |_|_| |_\__, | / / / /
 =========|_|==============|___/=/_/_/_/
 :: Spring Boot ::                (v3.2.2)

2024-03-09T21:31:01.097+02:00  INFO 22004 --- [    Test worker] c.e.roboworld.web.UserControllerTest     : Starting UserControllerTest using Java 20.0.2.1 with PID 22004 (started by vanes in D:\RoboWorld)
2024-03-09T21:31:01.100+02:00  INFO 22004 --- [    Test worker] c.e.roboworld.web.UserControllerTest     : No active profile set, falling back to 1 default profile: &quot;default&quot;
2024-03-09T21:31:03.664+02:00  INFO 22004 --- [    Test worker] .s.d.r.c.RepositoryConfigurationDelegate : Bootstrapping Spring Data JPA repositories in DEFAULT mode.
2024-03-09T21:31:03.928+02:00  INFO 22004 --- [    Test worker] .s.d.r.c.RepositoryConfigurationDelegate : Finished Spring Data repository scanning in 251 ms. Found 7 JPA repository interfaces.
2024-03-09T21:31:05.509+02:00  INFO 22004 --- [    Test worker] o.hibernate.jpa.internal.util.LogHelper  : HHH000204: Processing PersistenceUnitInfo [name: default]
2024-03-09T21:31:05.632+02:00  INFO 22004 --- [    Test worker] org.hibernate.Version                    : HHH000412: Hibernate ORM core version 6.4.1.Final
2024-03-09T21:31:05.688+02:00  INFO 22004 --- [    Test worker] o.h.c.internal.RegionFactoryInitiator    : HHH000026: Second-level cache disabled
2024-03-09T21:31:06.101+02:00  INFO 22004 --- [    Test worker] o.s.o.j.p.SpringPersistenceUnitInfo      : No LoadTimeWeaver setup: ignoring JPA class transformer
2024-03-09T21:31:06.148+02:00  INFO 22004 --- [    Test worker] com.zaxxer.hikari.HikariDataSource       : HikariPool-1 - Starting...
2024-03-09T21:31:06.614+02:00  INFO 22004 --- [    Test worker] com.zaxxer.hikari.pool.PoolBase          : HikariPool-1 - Driver does not support get/set network timeout for connections. (feature not supported)
2024-03-09T21:31:06.616+02:00  INFO 22004 --- [    Test worker] com.zaxxer.hikari.pool.HikariPool        : HikariPool-1 - Added connection org.hsqldb.jdbc.JDBCConnection@206b959c
2024-03-09T21:31:06.618+02:00  INFO 22004 --- [    Test worker] com.zaxxer.hikari.HikariDataSource       : HikariPool-1 - Start completed.
2024-03-09T21:31:08.688+02:00  INFO 22004 --- [    Test worker] o.h.e.t.j.p.i.JtaPlatformInitiator       : HHH000489: No JTA platform available (set 'hibernate.transaction.jta.platform' to enable JTA platform integration)
2024-03-09T21:31:08.778+02:00 DEBUG 22004 --- [    Test worker] org.hibernate.SQL                        : create table comments (id bigint generated by default as identity (start with 1), created timestamp(6), description varchar(255), forum_id bigint, user_id bigint, primary key (id))
2024-03-09T21:31:08.781+02:00 DEBUG 22004 --- [    Test worker] org.hibernate.SQL                        : create table courses (id bigint generated by default as identity (start with 1), age_limit varchar(255) check (age_limit in ('SixToEight','NineToTwelve','ThirteenToFifteen','SixteenToEighteen')), description varchar(255), end timestamp(6), start timestamp(6), title varchar(255), lecturer_id bigint, primary key (id))
2024-03-09T21:31:08.784+02:00 DEBUG 22004 --- [    Test worker] org.hibernate.SQL                        : create table forums (id bigint generated by default as identity (start with 1), created timestamp(6), description varchar(255) not null, title varchar(255) not null, primary key (id))
2024-03-09T21:31:08.786+02:00 DEBUG 22004 --- [    Test worker] org.hibernate.SQL                        : create table lectures (id bigint generated by default as identity (start with 1), ended timestamp(6), started timestamp(6), title varchar(255), course_id bigint, primary key (id))
2024-03-09T21:31:08.787+02:00 DEBUG 22004 --- [    Test worker] org.hibernate.SQL                        : create table reviews (id bigint generated by default as identity (start with 1), description varchar(255), name varchar(255), user_id bigint, primary key (id))
2024-03-09T21:31:08.788+02:00 DEBUG 22004 --- [    Test worker] org.hibernate.SQL                        : create table roles (id bigint generated by default as identity (start with 1), role_type varchar(255) check (role_type in ('User','Admin','Lecturer')), primary key (id))
2024-03-09T21:31:08.790+02:00 DEBUG 22004 --- [    Test worker] org.hibernate.SQL                        : create table users (id bigint generated by default as identity (start with 1), email varchar(255) not null, full_name varchar(255) not null, password varchar(255) not null, username varchar(255) not null, primary key (id))
2024-03-09T21:31:08.792+02:00 DEBUG 22004 --- [    Test worker] org.hibernate.SQL                        : create table users_roles (user_id bigint not null, roles_id bigint not null)
2024-03-09T21:31:08.793+02:00 DEBUG 22004 --- [    Test worker] org.hibernate.SQL                        : create table users_sign_in_courses (students_id bigint not null, sign_in_courses_id bigint not null)
2024-03-09T21:31:08.796+02:00 DEBUG 22004 --- [    Test worker] org.hibernate.SQL                        : alter table comments add constraint FKt7clst21fs6p4g71yf83fvw75 foreign key (forum_id) references forums
2024-03-09T21:31:08.797+02:00 DEBUG 22004 --- [    Test worker] org.hibernate.SQL                        : alter table comments add constraint FK8omq0tc18jd43bu5tjh6jvraq foreign key (user_id) references users
2024-03-09T21:31:08.798+02:00 DEBUG 22004 --- [    Test worker] org.hibernate.SQL                        : alter table courses add constraint FKit07wvai906qvcttvvg8pi1rr foreign key (lecturer_id) references users
2024-03-09T21:31:08.799+02:00 DEBUG 22004 --- [    Test worker] org.hibernate.SQL                        : alter table lectures add constraint FKsj4m8ipr4qnehoyxk7kbu3ide foreign key (course_id) references courses
2024-03-09T21:31:08.799+02:00 DEBUG 22004 --- [    Test worker] org.hibernate.SQL                        : alter table reviews add constraint FKcgy7qjc1r99dp117y9en6lxye foreign key (user_id) references users
2024-03-09T21:31:08.801+02:00 DEBUG 22004 --- [    Test worker] org.hibernate.SQL                        : alter table users_roles add constraint FKa62j07k5mhgifpp955h37ponj foreign key (roles_id) references roles
2024-03-09T21:31:08.801+02:00 DEBUG 22004 --- [    Test worker] org.hibernate.SQL                        : alter table users_roles add constraint FK2o0jvgh89lemvvo17cbqvdxaa foreign key (user_id) references users
2024-03-09T21:31:08.802+02:00 DEBUG 22004 --- [    Test worker] org.hibernate.SQL                        : alter table users_sign_in_courses add constraint FKl7ut2bxbya6jlcfuh99ubodm foreign key (sign_in_courses_id) references courses
2024-03-09T21:31:08.803+02:00 DEBUG 22004 --- [    Test worker] org.hibernate.SQL                        : alter table users_sign_in_courses add constraint FKcqjlj5ugearvp779k2efegjfw foreign key (students_id) references users
2024-03-09T21:31:08.807+02:00  INFO 22004 --- [    Test worker] j.LocalContainerEntityManagerFactoryBean : Initialized JPA EntityManagerFactory for persistence unit 'default'
2024-03-09T21:31:10.657+02:00  WARN 22004 --- [    Test worker] JpaBaseConfiguration$JpaWebConfiguration : spring.jpa.open-in-view is enabled by default. Therefore, database queries may be performed during view rendering. Explicitly configure spring.jpa.open-in-view to disable this warning
2024-03-09T21:31:10.755+02:00 TRACE 22004 --- [    Test worker] eGlobalAuthenticationAutowiredConfigurer : Eagerly initializing {org.springframework.boot.autoconfigure.security.servlet.SpringBootWebSecurityConfiguration$WebSecurityEnablerConfiguration=org.springframework.boot.autoconfigure.security.servlet.SpringBootWebSecurityConfiguration$WebSecurityEnablerConfiguration@478d1193}
2024-03-09T21:31:11.244+02:00  INFO 22004 --- [    Test worker] o.s.b.a.w.s.WelcomePageHandlerMapping    : Adding welcome page template: index
2024-03-09T21:31:11.943+02:00  INFO 22004 --- [    Test worker] o.s.b.a.e.web.EndpointLinksResolver      : Exposing 1 endpoint(s) beneath base path '/actuator'
2024-03-09T21:31:12.117+02:00  INFO 22004 --- [    Test worker] o.s.s.web.DefaultSecurityFilterChain     : Will secure any request with [org.springframework.security.web.session.DisableEncodeUrlFilter@308a2eb0, org.springframework.security.web.context.request.async.WebAsyncManagerIntegrationFilter@1df1bd44, org.springframework.security.web.context.SecurityContextHolderFilter@664f1c53, org.springframework.security.web.header.HeaderWriterFilter@26cd77cc, org.springframework.web.filter.CorsFilter@ae449e7, org.springframework.security.web.csrf.CsrfFilter@5b4433dc, org.springframework.security.web.authentication.logout.LogoutFilter@774f2d7f, org.springframework.security.web.authentication.UsernamePasswordAuthenticationFilter@4f283b8f, org.springframework.security.web.savedrequest.RequestCacheAwareFilter@85420, org.springframework.security.web.servletapi.SecurityContextHolderAwareRequestFilter@c534814, org.springframework.security.web.authentication.rememberme.RememberMeAuthenticationFilter@6de6467a, org.springframework.security.web.authentication.AnonymousAuthenticationFilter@660dcd17, org.springframework.security.web.access.ExceptionTranslationFilter@4f7bb581, org.springframework.security.web.access.intercept.AuthorizationFilter@4de3a1ca]
2024-03-09T21:31:13.320+02:00  INFO 22004 --- [    Test worker] o.s.b.t.m.w.SpringBootMockServletContext : Initializing Spring TestDispatcherServlet ''
2024-03-09T21:31:13.320+02:00  INFO 22004 --- [    Test worker] o.s.t.web.servlet.TestDispatcherServlet  : Initializing Servlet ''
2024-03-09T21:31:13.322+02:00  INFO 22004 --- [    Test worker] o.s.t.web.servlet.TestDispatcherServlet  : Completed initialization in 1 ms
2024-03-09T21:31:13.511+02:00  INFO 22004 --- [    Test worker] c.e.roboworld.web.UserControllerTest     : Started UserControllerTest in 13.266 seconds (process running for 17.309)
2024-03-09T21:31:14.495+02:00 DEBUG 22004 --- [    Test worker] org.hibernate.SQL                        : select u1_0.id,u1_0.email,u1_0.full_name,u1_0.password,u1_0.username from users u1_0
2024-03-09T21:31:14.580+02:00 TRACE 22004 --- [    Test worker] o.s.security.web.FilterChainProxy        : Trying to match request against DefaultSecurityFilterChain [RequestMatcher=any request, Filters=[org.springframework.security.web.session.DisableEncodeUrlFilter@308a2eb0, org.springframework.security.web.context.request.async.WebAsyncManagerIntegrationFilter@1df1bd44, org.springframework.security.web.context.SecurityContextHolderFilter@664f1c53, org.springframework.security.web.header.HeaderWriterFilter@26cd77cc, org.springframework.web.filter.CorsFilter@ae449e7, org.springframework.security.web.csrf.CsrfFilter@5b4433dc, org.springframework.security.web.authentication.logout.LogoutFilter@774f2d7f, org.springframework.security.web.authentication.UsernamePasswordAuthenticationFilter@4f283b8f, org.springframework.security.web.savedrequest.RequestCacheAwareFilter@85420, org.springframework.security.web.servletapi.SecurityContextHolderAwareRequestFilter@c534814, org.springframework.security.web.authentication.rememberme.RememberMeAuthenticationFilter@6de6467a, org.springframework.security.web.authentication.AnonymousAuthenticationFilter@660dcd17, org.springframework.security.web.access.ExceptionTranslationFilter@4f7bb581, org.springframework.security.web.access.intercept.AuthorizationFilter@4de3a1ca]] (1/1)
2024-03-09T21:31:14.581+02:00 DEBUG 22004 --- [    Test worker] o.s.security.web.FilterChainProxy        : Securing POST /users/register
2024-03-09T21:31:14.585+02:00 TRACE 22004 --- [    Test worker] o.s.security.web.FilterChainProxy        : Invoking DisableEncodeUrlFilter (1/14)
2024-03-09T21:31:14.590+02:00 TRACE 22004 --- [    Test worker] o.s.security.web.FilterChainProxy        : Invoking WebAsyncManagerIntegrationFilter (2/14)
2024-03-09T21:31:14.595+02:00 TRACE 22004 --- [    Test worker] o.s.security.web.FilterChainProxy        : Invoking SecurityContextHolderFilter (3/14)
2024-03-09T21:31:14.598+02:00 TRACE 22004 --- [    Test worker] o.s.security.web.FilterChainProxy        : Invoking HeaderWriterFilter (4/14)
2024-03-09T21:31:14.601+02:00 TRACE 22004 --- [    Test worker] o.s.security.web.FilterChainProxy        : Invoking CorsFilter (5/14)
2024-03-09T21:31:14.602+02:00 TRACE 22004 --- [    Test worker] o.s.security.web.FilterChainProxy        : Invoking CsrfFilter (6/14)
2024-03-09T21:31:14.603+02:00 TRACE 22004 --- [    Test worker] o.s.security.web.FilterChainProxy        : Invoking LogoutFilter (7/14)
2024-03-09T21:31:14.605+02:00 TRACE 22004 --- [    Test worker] o.s.s.w.a.logout.LogoutFilter            : Did not match request to Ant [pattern='/users/logout', POST]
2024-03-09T21:31:14.605+02:00 TRACE 22004 --- [    Test worker] o.s.security.web.FilterChainProxy        : Invoking UsernamePasswordAuthenticationFilter (8/14)
2024-03-09T21:31:14.605+02:00 TRACE 22004 --- [    Test worker] w.a.UsernamePasswordAuthenticationFilter : Did not match request to Ant [pattern='/users/login', POST]
2024-03-09T21:31:14.605+02:00 TRACE 22004 --- [    Test worker] o.s.security.web.FilterChainProxy        : Invoking RequestCacheAwareFilter (9/14)
2024-03-09T21:31:14.606+02:00 TRACE 22004 --- [    Test worker] o.s.s.w.s.HttpSessionRequestCache        : matchingRequestParameterName is required for getMatchingRequest to lookup a value, but not provided
2024-03-09T21:31:14.606+02:00 TRACE 22004 --- [    Test worker] o.s.security.web.FilterChainProxy        : Invoking SecurityContextHolderAwareRequestFilter (10/14)
2024-03-09T21:31:14.608+02:00 TRACE 22004 --- [    Test worker] o.s.security.web.FilterChainProxy        : Invoking RememberMeAuthenticationFilter (11/14)
2024-03-09T21:31:14.608+02:00 TRACE 22004 --- [    Test worker] w.c.HttpSessionSecurityContextRepository : No HttpSession currently exists
2024-03-09T21:31:14.609+02:00 TRACE 22004 --- [    Test worker] .s.s.w.c.SupplierDeferredSecurityContext : Created SecurityContextImpl [Null authentication]
2024-03-09T21:31:14.609+02:00 TRACE 22004 --- [    Test worker] .s.s.w.c.SupplierDeferredSecurityContext : Created SecurityContextImpl [Null authentication]
2024-03-09T21:31:14.609+02:00 TRACE 22004 --- [    Test worker] o.s.security.web.FilterChainProxy        : Invoking AnonymousAuthenticationFilter (12/14)
2024-03-09T21:31:14.609+02:00 TRACE 22004 --- [    Test worker] o.s.security.web.FilterChainProxy        : Invoking ExceptionTranslationFilter (13/14)
2024-03-09T21:31:14.610+02:00 TRACE 22004 --- [    Test worker] o.s.security.web.FilterChainProxy        : Invoking AuthorizationFilter (14/14)
2024-03-09T21:31:14.612+02:00 TRACE 22004 --- [    Test worker] estMatcherDelegatingAuthorizationManager : Authorizing SecurityContextHolderAwareRequestWrapper[ org.springframework.security.web.header.HeaderWriterFilter$HeaderWriterRequest@441fd20d]
2024-03-09T21:31:14.618+02:00 TRACE 22004 --- [    Test worker] estMatcherDelegatingAuthorizationManager : Checking authorization on SecurityContextHolderAwareRequestWrapper[ org.springframework.security.web.header.HeaderWriterFilter$HeaderWriterRequest@441fd20d] using org.springframework.security.config.annotation.web.configurers.AuthorizeHttpRequestsConfigurer$$Lambda$1542/0x000001fd81a289f0@2c30bedc
2024-03-09T21:31:14.623+02:00 DEBUG 22004 --- [    Test worker] o.s.security.web.FilterChainProxy        : Secured POST /users/register
2024-03-09T21:31:14.768+02:00 DEBUG 22004 --- [    Test worker] org.hibernate.SQL                        : select u1_0.id,u1_0.email,u1_0.full_name,u1_0.password,u1_0.username from users u1_0 where u1_0.username=?
2024-03-09T21:31:14.770+02:00 TRACE 22004 --- [    Test worker] org.hibernate.orm.jdbc.bind              : binding parameter (1:VARCHAR) &lt;- [pesho]
2024-03-09T21:31:15.051+02:00 DEBUG 22004 --- [    Test worker] org.hibernate.SQL                        : insert into roles (role_type,id) values (?,default)
2024-03-09T21:31:15.054+02:00 TRACE 22004 --- [    Test worker] org.hibernate.orm.jdbc.bind              : binding parameter (1:VARCHAR) &lt;- [User]
2024-03-09T21:31:15.078+02:00 DEBUG 22004 --- [    Test worker] org.hibernate.SQL                        : insert into users (email,full_name,password,username,id) values (?,?,?,?,default)
2024-03-09T21:31:15.079+02:00 TRACE 22004 --- [    Test worker] org.hibernate.orm.jdbc.bind              : binding parameter (1:VARCHAR) &lt;- [pesho@example.com]
2024-03-09T21:31:15.080+02:00 TRACE 22004 --- [    Test worker] org.hibernate.orm.jdbc.bind              : binding parameter (2:VARCHAR) &lt;- [Petar Petrov]
2024-03-09T21:31:15.080+02:00 TRACE 22004 --- [    Test worker] org.hibernate.orm.jdbc.bind              : binding parameter (3:VARCHAR) &lt;- [46cd51d812f82984247844236f70f7101aed7d87089ae6464c03c8130c2b880affc80dcdbc7d7708d3c31fcdedd95f4b]
2024-03-09T21:31:15.080+02:00 TRACE 22004 --- [    Test worker] org.hibernate.orm.jdbc.bind              : binding parameter (4:VARCHAR) &lt;- [pesho]
2024-03-09T21:31:15.096+02:00 DEBUG 22004 --- [    Test worker] org.hibernate.SQL                        : insert into users_roles (user_id,roles_id) values (?,?)
2024-03-09T21:31:15.098+02:00 TRACE 22004 --- [    Test worker] org.hibernate.orm.jdbc.bind              : binding parameter (1:BIGINT) &lt;- [1]
2024-03-09T21:31:15.098+02:00 TRACE 22004 --- [    Test worker] org.hibernate.orm.jdbc.bind              : binding parameter (2:BIGINT) &lt;- [1]
2024-03-09T21:31:15.114+02:00 TRACE 22004 --- [    Test worker] o.s.s.w.header.writers.HstsHeaderWriter  : Not injecting HSTS header since it did not match request to [Is Secure]
2024-03-09T21:31:15.117+02:00 TRACE 22004 --- [    Test worker] o.s.s.w.a.AnonymousAuthenticationFilter  : Set SecurityContextHolder to AnonymousAuthenticationToken [Principal=anonymousUser, Credentials=[PROTECTED], Authenticated=true, Details=WebAuthenticationDetails [RemoteIpAddress=127.0.0.1, SessionId=null], Granted Authorities=[ROLE_ANONYMOUS]]
2024-03-09T21:31:15.465+02:00 DEBUG 22004 --- [    Test worker] org.hibernate.SQL                        : select count(*) from users u1_0
2024-03-09T21:31:15.505+02:00 DEBUG 22004 --- [    Test worker] org.hibernate.SQL                        : select u1_0.id,u1_0.email,u1_0.full_name,u1_0.password,u1_0.username from users u1_0 where u1_0.email=? fetch first ? rows only
2024-03-09T21:31:15.507+02:00 TRACE 22004 --- [    Test worker] org.hibernate.orm.jdbc.bind              : binding parameter (1:VARCHAR) &lt;- [pesho@example.com]
2024-03-09T21:31:15.508+02:00 TRACE 22004 --- [    Test worker] org.hibernate.orm.jdbc.bind              : binding parameter (2:INTEGER) &lt;- [1]
2024-03-09T21:31:15.520+02:00 DEBUG 22004 --- [    Test worker] org.hibernate.SQL                        : select sic1_0.students_id,sic1_1.id,sic1_1.age_limit,sic1_1.description,sic1_1.end,l1_0.id,l1_0.email,l1_0.full_name,l1_0.password,l1_0.username,sic1_1.start,sic1_1.title from users_sign_in_courses sic1_0 join courses sic1_1 on sic1_1.id=sic1_0.sign_in_courses_id left join users l1_0 on l1_0.id=sic1_1.lecturer_id where sic1_0.students_id=?
2024-03-09T21:31:15.521+02:00 TRACE 22004 --- [    Test worker] org.hibernate.orm.jdbc.bind              : binding parameter (1:BIGINT) &lt;- [1]
2024-03-09T21:31:15.522+02:00 DEBUG 22004 --- [    Test worker] org.hibernate.SQL                        : select r1_0.user_id,r1_1.id,r1_1.role_type from users_roles r1_0 join roles r1_1 on r1_1.id=r1_0.roles_id where r1_0.user_id=?
2024-03-09T21:31:15.523+02:00 TRACE 22004 --- [    Test worker] org.hibernate.orm.jdbc.bind              : binding parameter (1:BIGINT) &lt;- [1]
2024-03-09T21:31:15.530+02:00 DEBUG 22004 --- [    Test worker] org.hibernate.SQL                        : select c1_0.lecturer_id,c1_0.id,c1_0.age_limit,c1_0.description,c1_0.end,c1_0.start,c1_0.title from courses c1_0 where c1_0.lecturer_id=?
2024-03-09T21:31:15.531+02:00 TRACE 22004 --- [    Test worker] org.hibernate.orm.jdbc.bind              : binding parameter (1:BIGINT) &lt;- [1]
2024-03-09T21:31:15.537+02:00 DEBUG 22004 --- [    Test worker] org.hibernate.SQL                        : select u1_0.id,u1_0.email,u1_0.full_name,u1_0.password,u1_0.username from users u1_0
2024-03-09T21:31:15.538+02:00 DEBUG 22004 --- [    Test worker] org.hibernate.SQL                        : select sic1_0.students_id,sic1_1.id,sic1_1.age_limit,sic1_1.description,sic1_1.end,l1_0.id,l1_0.email,l1_0.full_name,l1_0.password,l1_0.username,sic1_1.start,sic1_1.title from users_sign_in_courses sic1_0 join courses sic1_1 on sic1_1.id=sic1_0.sign_in_courses_id left join users l1_0 on l1_0.id=sic1_1.lecturer_id where sic1_0.students_id=?
2024-03-09T21:31:15.539+02:00 TRACE 22004 --- [    Test worker] org.hibernate.orm.jdbc.bind              : binding parameter (1:BIGINT) &lt;- [1]
2024-03-09T21:31:15.540+02:00 DEBUG 22004 --- [    Test worker] org.hibernate.SQL                        : select r1_0.user_id,r1_1.id,r1_1.role_type from users_roles r1_0 join roles r1_1 on r1_1.id=r1_0.roles_id where r1_0.user_id=?
2024-03-09T21:31:15.540+02:00 TRACE 22004 --- [    Test worker] org.hibernate.orm.jdbc.bind              : binding parameter (1:BIGINT) &lt;- [1]
2024-03-09T21:31:15.541+02:00 DEBUG 22004 --- [    Test worker] org.hibernate.SQL                        : select c1_0.lecturer_id,c1_0.id,c1_0.age_limit,c1_0.description,c1_0.end,c1_0.start,c1_0.title from courses c1_0 where c1_0.lecturer_id=?
2024-03-09T21:31:15.542+02:00 TRACE 22004 --- [    Test worker] org.hibernate.orm.jdbc.bind              : binding parameter (1:BIGINT) &lt;- [1]
2024-03-09T21:31:15.554+02:00 DEBUG 22004 --- [    Test worker] org.hibernate.SQL                        : delete from users_roles where user_id=?
2024-03-09T21:31:15.555+02:00 TRACE 22004 --- [    Test worker] org.hibernate.orm.jdbc.bind              : binding parameter (1:BIGINT) &lt;- [1]
2024-03-09T21:31:15.561+02:00 DEBUG 22004 --- [    Test worker] org.hibernate.SQL                        : delete from roles where id=?
2024-03-09T21:31:15.561+02:00 TRACE 22004 --- [    Test worker] org.hibernate.orm.jdbc.bind              : binding parameter (1:BIGINT) &lt;- [1]
2024-03-09T21:31:15.563+02:00 DEBUG 22004 --- [    Test worker] org.hibernate.SQL                        : delete from users where id=?
2024-03-09T21:31:15.563+02:00 TRACE 22004 --- [    Test worker] org.hibernate.orm.jdbc.bind              : binding parameter (1:BIGINT) &lt;- [1]
</pre>
</span>
</div>
<div id="tab2" class="tab">
<h2>Standard error</h2>
<span class="code">
<pre>[2024.03.09 21:31:00] (Coverage): Error during class instrumentation: org.springframework.boot.logging.log4j2.Log4J2LoggingSystem: java.lang.RuntimeException: java.io.IOException: Class org/apache/logging/log4j/core/config/composite/CompositeConfiguration not found
[2024.03.09 21:31:01] (Coverage): Error during class instrumentation: io.micrometer.core.instrument.binder.kafka.KafkaMetrics: java.lang.RuntimeException: java.io.IOException: Class org/apache/kafka/common/MetricName not found
[2024.03.09 21:31:10] (Coverage): Error during class instrumentation: org.springframework.security.config.annotation.authentication.configurers.ldap.LdapAuthenticationProviderConfigurer: java.lang.RuntimeException: java.io.IOException: Class org/springframework/security/ldap/authentication/PasswordComparisonAuthenticator not found
</pre>
</span>
</div>
</div>
<div id="footer">
<p>
<div>
<label class="hidden" id="label-for-line-wrapping-toggle" for="line-wrapping-toggle">Wrap lines
<input id="line-wrapping-toggle" type="checkbox" autocomplete="off"/>
</label>
</div>Generated by 
<a href="http://www.gradle.org">Gradle 8.5</a> at Mar 9, 2024, 9:31:21â€¯PM</p>
</div>
</div>
</body>
</html>
